<?xml version="1.0" encoding="UTF-8"?>
<testng-results ignored="0" total="1" passed="1" failed="0" skipped="0">
  <reporter-output>
  </reporter-output>
  <suite started-at="2024-06-28T21:07:01 IST" name="Default suite" finished-at="2024-06-28T21:07:11 IST" duration-ms="9711">
    <groups>
    </groups>
    <test started-at="2024-06-28T21:07:01 IST" name="Default test" finished-at="2024-06-28T21:07:11 IST" duration-ms="9711">
      <class name="publisher.publisher.Login">
        <test-method signature="hello()[pri:0, instance:publisher.publisher.Login@32b260fa]" started-at="2024-06-28T21:07:01 IST" name="hello" finished-at="2024-06-28T21:07:10 IST" duration-ms="9510" status="PASS">
          <reporter-output>
          </reporter-output>
        </test-method> <!-- hello -->
      </class> <!-- publisher.publisher.Login -->
    </test> <!-- Default test -->
  </suite> <!-- Default suite -->
</testng-results>
